<?xml version="1.0" encoding="UTF-8"?>
<!-- Generated by org.testng.reporters.JUnitReportReporter -->
<testsuite name="e2epack.testcase6" tests="1" time="14.677" ignored="0" failures="0" timestamp="09 Apr 2018 12:32:15 GMT" skipped="0" hostname="DESKTOP-TNBFE61" errors="0">
  <testcase name="testcase1" time="14.677" classname="e2epack.testcase6"/>
</testsuite> <!-- e2epack.testcase6 -->
