<?xml version="1.0" encoding="UTF-8"?>
<!-- Generated by org.testng.reporters.JUnitReportReporter -->
<testsuite name="e2epack.testcase5" tests="1" time="14.326" ignored="0" failures="0" timestamp="09 Apr 2018 12:32:36 GMT" skipped="0" hostname="DESKTOP-TNBFE61" errors="0">
  <testcase name="Testcase1" time="14.326" classname="e2epack.testcase5"/>
</testsuite> <!-- e2epack.testcase5 -->
