<?xml version="1.0" encoding="UTF-8"?>
<!-- Generated by org.testng.reporters.JUnitReportReporter -->
<testsuite name="e2epack.testcase4" tests="1" time="15.346" ignored="0" failures="0" timestamp="09 Apr 2018 12:33:04 GMT" skipped="0" hostname="DESKTOP-TNBFE61" errors="0">
  <testcase name="Testcaes1" time="15.346" classname="e2epack.testcase4"/>
</testsuite> <!-- e2epack.testcase4 -->
