<?xml version="1.0" encoding="UTF-8"?>
<!-- Generated by org.testng.reporters.JUnitReportReporter -->
<testsuite name="e2epack.testcase7" tests="1" time="16.725" ignored="0" failures="0" timestamp="09 Apr 2018 12:31:07 GMT" skipped="0" hostname="DESKTOP-TNBFE61" errors="0">
  <testcase name="Testcase1" time="16.725" classname="e2epack.testcase7"/>
</testsuite> <!-- e2epack.testcase7 -->
